0001_0028_0017_0031_0031.jpg 1 28 17 31 31
0002_0023_0006_0046_0046.jpg 1 23 6 46 46
0003_0011_0037_0040_0040.jpg 1 11 37 40 40
0004_0033_0011_0055_0055.jpg 1 33 11 55 55
0005_0009_0043_0024_0024.jpg 1 9 43 24 24
0006_0045_0016_0048_0048.jpg 1 45 16 48 48
0007_0007_0006_0066_0066.jpg 1 7 6 66 66
0008_0012_0017_0052_0052.jpg 1 12 17 52 52
0009_0053_0021_0038_0038.jpg 1 53 21 38 38
0010_0021_0005_0046_0046.jpg 1 21 5 46 46
0011_0034_0031_0058_0058.jpg 1 34 31 58 58
0012_0041_0043_0035_0035.jpg 1 41 43 35 35
0013_0013_0009_0061_0061.jpg 1 13 9 61 61
0014_0007_0020_0032_0032.jpg 1 7 20 32 32
0015_0031_0033_0049_0049.jpg 1 31 33 49 49
0016_0022_0016_0065_0065.jpg 1 22 16 65 65
0017_0012_0036_0053_0053.jpg 1 12 36 53 53
0018_0029_0054_0034_0034.jpg 1 29 54 34 34
0019_0019_0030_0062_0062.jpg 1 19 30 62 62
0020_0045_0040_0033_0033.jpg 1 45 40 33 33
0021_0011_0041_0044_0044.jpg 1 11 41 44 44
0022_0022_0033_0025_0025.jpg 1 22 33 25 25
0023_0025_0016_0069_0069.jpg 1 25 16 69 69
0024_0004_0007_0068_0068.jpg 1 4 7 68 68
0025_0032_0026_0059_0059.jpg 1 32 26 59 59
0026_0042_0060_0027_0027.jpg 1 42 60 27 27
0027_0028_0032_0062_0062.jpg 1 28 32 62 62
0028_0011_0011_0049_0049.jpg 1 11 11 49 49
0029_0016_0021_0055_0055.jpg 1 16 21 55 55
0030_0028_0008_0059_0059.jpg 1 28 8 59 59
0031_0011_0012_0055_0055.jpg 1 11 12 55 55
0032_0045_0035_0037_0037.jpg 1 45 35 37 37
0033_0014_0016_0024_0024.jpg 1 14 16 24 24
0034_0013_0025_0035_0035.jpg 1 13 25 35 35
0035_0022_0020_0067_0067.jpg 1 22 20 67 67
0036_0015_0017_0043_0043.jpg 1 15 17 43 43
0037_0006_0017_0058_0058.jpg 1 6 17 58 58
0038_0036_0033_0029_0029.jpg 1 36 33 29 29
0039_0045_0024_0036_0036.jpg 1 45 24 36 36
0040_0042_0032_0032_0032.jpg 1 42 32 32 32
0041_0010_0009_0057_0057.jpg 1 10 9 57 57
0042_0027_0018_0056_0056.jpg 1 27 18 56 56
0043_0049_0022_0033_0033.jpg 1 49 22 33 33
0044_0048_0045_0040_0040.jpg 1 48 45 40 40
0045_0029_0040_0053_0053.jpg 1 29 40 53 53
0046_0049_0041_0036_0036.jpg 1 49 41 36 36
0047_0026_0012_0060_0060.jpg 1 26 12 60 60
0048_0043_0035_0042_0042.jpg 1 43 35 42 42
0049_0039_0036_0046_0046.jpg 1 39 36 46 46
0050_0020_0007_0049_0049.jpg 1 20 7 49 49
0051_0020_0039_0039_0039.jpg 1 20 39 39 39
0052_0043_0023_0025_0025.jpg 1 43 23 25 25
0053_0009_0024_0061_0061.jpg 1 9 24 61 61
0054_0029_0021_0066_0066.jpg 1 29 21 66 66
0055_0013_0010_0041_0041.jpg 1 13 10 41 41
0056_0008_0024_0065_0065.jpg 1 8 24 65 65
0057_0037_0045_0047_0047.jpg 1 37 45 47 47
0058_0031_0054_0035_0035.jpg 1 31 54 35 35
0059_0056_0038_0036_0036.jpg 1 56 38 36 36
0060_0008_0019_0069_0069.jpg 1 8 19 69 69
0061_0040_0041_0051_0051.jpg 1 40 41 51 51
0062_0007_0017_0032_0032.jpg 1 7 17 32 32
0063_0038_0046_0025_0025.jpg 1 38 46 25 25
0064_0036_0039_0046_0046.jpg 1 36 39 46 46
0065_0016_0005_0063_0063.jpg 1 16 5 63 63
0066_0010_0034_0059_0059.jpg 1 10 34 59 59
0067_0005_0015_0064_0064.jpg 1 5 15 64 64
0068_0012_0045_0045_0045.jpg 1 12 45 45 45
0069_0007_0021_0026_0026.jpg 1 7 21 26 26
0070_0034_0006_0054_0054.jpg 1 34 6 54 54
0071_0019_0007_0055_0055.jpg 1 19 7 55 55
0072_0014_0015_0040_0040.jpg 1 14 15 40 40
0073_0017_0010_0062_0062.jpg 1 17 10 62 62
0074_0038_0025_0054_0054.jpg 1 38 25 54 54
0075_0059_0043_0028_0028.jpg 1 59 43 28 28
0076_0030_0034_0054_0054.jpg 1 30 34 54 54
0077_0024_0018_0065_0065.jpg 1 24 18 65 65
0078_0022_0007_0040_0040.jpg 1 22 7 40 40
0079_0018_0048_0035_0035.jpg 1 18 48 35 35
0080_0028_0021_0049_0049.jpg 1 28 21 49 49
0081_0010_0033_0025_0025.jpg 1 10 33 25 25
0082_0007_0023_0069_0069.jpg 1 7 23 69 69
0083_0011_0016_0035_0035.jpg 1 11 16 35 35
0084_0039_0018_0031_0031.jpg 1 39 18 31 31
0085_0062_0010_0024_0024.jpg 1 62 10 24 24
0086_0036_0059_0030_0030.jpg 1 36 59 30 30
0087_0021_0021_0059_0059.jpg 1 21 21 59 59
0088_0053_0048_0029_0029.jpg 1 53 48 29 29
0089_0056_0028_0033_0033.jpg 1 56 28 33 33
0090_0036_0023_0046_0046.jpg 1 36 23 46 46
0091_0036_0055_0035_0035.jpg 1 36 55 35 35
0092_0051_0028_0036_0036.jpg 1 51 28 36 36
0093_0010_0049_0035_0035.jpg 1 10 49 35 35
0094_0019_0019_0066_0066.jpg 1 19 19 66 66
0095_0015_0044_0039_0039.jpg 1 15 44 39 39
0096_0029_0032_0043_0043.jpg 1 29 32 43 43
0097_0014_0014_0043_0043.jpg 1 14 14 43 43
0098_0035_0025_0035_0035.jpg 1 35 25 35 35
0099_0040_0040_0052_0052.jpg 1 40 40 52 52
0100_0035_0057_0034_0034.jpg 1 35 57 34 34
0101_0028_0051_0037_0037.jpg 1 28 51 37 37
0102_0026_0025_0063_0063.jpg 1 26 25 63 63
0103_0034_0019_0025_0025.jpg 1 34 19 25 25
0104_0041_0050_0033_0033.jpg 1 41 50 33 33
0105_0035_0028_0041_0041.jpg 1 35 28 41 41
0106_0012_0006_0058_0058.jpg 1 12 6 58 58
0107_0033_0017_0040_0040.jpg 1 33 17 40 40
0108_0010_0028_0063_0063.jpg 1 10 28 63 63
0109_0032_0035_0052_0052.jpg 1 32 35 52 52
0110_0056_0047_0027_0027.jpg 1 56 47 27 27
0111_0028_0038_0042_0042.jpg 1 28 38 42 42
0112_0010_0020_0054_0054.jpg 1 10 20 54 54
0113_0021_0034_0056_0056.jpg 1 21 34 56 56
0114_0011_0010_0057_0057.jpg 1 11 10 57 57
0115_0052_0036_0033_0033.jpg 1 52 36 33 33
0116_0044_0009_0027_0027.jpg 1 44 9 27 27
0117_0011_0014_0068_0068.jpg 1 11 14 68 68
0118_0019_0006_0040_0040.jpg 1 19 6 40 40
0119_0035_0014_0039_0039.jpg 1 35 14 39 39
0120_0035_0011_0056_0056.jpg 1 35 11 56 56
0121_0031_0026_0056_0056.jpg 1 31 26 56 56
0122_0010_0062_0030_0030.jpg 1 10 62 30 30
0123_0018_0010_0065_0065.jpg 1 18 10 65 65
0124_0033_0012_0036_0036.jpg 1 33 12 36 36
0125_0036_0005_0059_0059.jpg 1 36 5 59 59
0126_0006_0021_0049_0049.jpg 1 6 21 49 49
0127_0018_0009_0068_0068.jpg 1 18 9 68 68
0128_0027_0021_0027_0027.jpg 1 27 21 27 27
0129_0027_0048_0046_0046.jpg 1 27 48 46 46
0130_0022_0011_0053_0053.jpg 1 22 11 53 53
0131_0044_0020_0025_0025.jpg 1 44 20 25 25
0132_0021_0011_0059_0059.jpg 1 21 11 59 59
0133_0005_0010_0057_0057.jpg 1 5 10 57 57
0134_0018_0015_0059_0059.jpg 1 18 15 59 59
0135_0056_0035_0030_0030.jpg 1 56 35 30 30
0136_0043_0032_0050_0050.jpg 1 43 32 50 50
0137_0007_0026_0041_0041.jpg 1 7 26 41 41
0138_0040_0031_0051_0051.jpg 1 40 31 51 51
0139_0010_0011_0067_0067.jpg 1 10 11 67 67
0140_0010_0018_0039_0039.jpg 1 10 18 39 39
0141_0027_0050_0026_0026.jpg 1 27 50 26 26
0142_0041_0007_0044_0044.jpg 1 41 7 44 44
0143_0038_0009_0056_0056.jpg 1 38 9 56 56
0144_0005_0014_0052_0052.jpg 1 5 14 52 52
0145_0022_0027_0064_0064.jpg 1 22 27 64 64
0146_0042_0024_0027_0027.jpg 1 42 24 27 27
0147_0028_0023_0045_0045.jpg 1 28 23 45 45
0148_0010_0023_0051_0051.jpg 1 10 23 51 51
0149_0010_0057_0029_0029.jpg 1 10 57 29 29
0150_0031_0044_0039_0039.jpg 1 31 44 39 39
0151_0022_0020_0066_0066.jpg 1 22 20 66 66
0152_0019_0015_0034_0034.jpg 1 19 15 34 34
0153_0010_0026_0060_0060.jpg 1 10 26 60 60
0154_0019_0038_0040_0040.jpg 1 19 38 40 40
0155_0024_0050_0043_0043.jpg 1 24 50 43 43
0156_0018_0046_0047_0047.jpg 1 18 46 47 47
0157_0014_0035_0054_0054.jpg 1 14 35 54 54
0158_0053_0044_0038_0038.jpg 1 53 44 38 38
0159_0035_0008_0024_0024.jpg 1 35 8 24 24
0160_0008_0026_0060_0060.jpg 1 8 26 60 60
0161_0025_0012_0064_0064.jpg 1 25 12 64 64
0162_0029_0016_0056_0056.jpg 1 29 16 56 56
0163_0027_0019_0067_0067.jpg 1 27 19 67 67
0164_0008_0010_0055_0055.jpg 1 8 10 55 55
0165_0052_0013_0039_0039.jpg 1 52 13 39 39
0166_0024_0028_0058_0058.jpg 1 24 28 58 58
0167_0008_0005_0059_0059.jpg 1 8 5 59 59
0168_0020_0026_0060_0060.jpg 1 20 26 60 60
0169_0046_0021_0043_0043.jpg 1 46 21 43 43
0170_0035_0032_0058_0058.jpg 1 35 32 58 58
0171_0030_0016_0024_0024.jpg 1 30 16 24 24
0172_0035_0010_0057_0057.jpg 1 35 10 57 57
0173_0006_0007_0042_0042.jpg 1 6 7 42 42
0174_0018_0017_0067_0067.jpg 1 18 17 67 67
0175_0011_0010_0064_0064.jpg 1 11 10 64 64
0176_0011_0030_0046_0046.jpg 1 11 30 46 46
0177_0015_0006_0065_0065.jpg 1 15 6 65 65
0178_0014_0054_0026_0026.jpg 1 14 54 26 26
0179_0008_0046_0032_0032.jpg 1 8 46 32 32
0180_0009_0010_0054_0054.jpg 1 9 10 54 54
0181_0036_0023_0042_0042.jpg 1 36 23 42 42
0182_0026_0039_0029_0029.jpg 1 26 39 29 29
0183_0021_0006_0053_0053.jpg 1 21 6 53 53
0184_0037_0028_0034_0034.jpg 1 37 28 34 34
0185_0036_0019_0043_0043.jpg 1 36 19 43 43
0186_0016_0047_0037_0037.jpg 1 16 47 37 37
0187_0028_0028_0048_0048.jpg 1 28 28 48 48
0188_0028_0018_0065_0065.jpg 1 28 18 65 65
0189_0025_0054_0031_0031.jpg 1 25 54 31 31
0190_0056_0019_0032_0032.jpg 1 56 19 32 32
0191_0046_0008_0036_0036.jpg 1 46 8 36 36
0192_0019_0021_0064_0064.jpg 1 19 21 64 64
0193_0015_0020_0055_0055.jpg 1 15 20 55 55
0194_0038_0012_0030_0030.jpg 1 38 12 30 30
0195_0003_0013_0065_0065.jpg 1 3 13 65 65
0196_0031_0026_0039_0039.jpg 1 31 26 39 39
0197_0041_0030_0038_0038.jpg 1 41 30 38 38
0198_0031_0041_0052_0052.jpg 1 31 41 52 52
0199_0053_0063_0026_0026.jpg 1 53 63 26 26
0200_0032_0029_0026_0026.jpg 1 32 29 26 26
0201_0017_0024_0065_0065.jpg 1 17 24 65 65
0202_0040_0044_0028_0028.jpg 1 40 44 28 28
0203_0027_0025_0065_0065.jpg 1 27 25 65 65
0204_0006_0037_0036_0036.jpg 1 6 37 36 36
0205_0056_0027_0025_0025.jpg 1 56 27 25 25
0206_0017_0022_0061_0061.jpg 1 17 22 61 61
0207_0016_0017_0066_0066.jpg 1 16 17 66 66
0208_0027_0012_0053_0053.jpg 1 27 12 53 53
0209_0040_0006_0055_0055.jpg 1 40 6 55 55
0210_0017_0023_0068_0068.jpg 1 17 23 68 68
0211_0042_0017_0036_0036.jpg 1 42 17 36 36
0212_0033_0038_0048_0048.jpg 1 33 38 48 48
0213_0006_0019_0060_0060.jpg 1 6 19 60 60
0214_0035_0028_0049_0049.jpg 1 35 28 49 49
0215_0011_0023_0025_0025.jpg 1 11 23 25 25
0216_0026_0037_0056_0056.jpg 1 26 37 56 56
0217_0023_0055_0038_0038.jpg 1 23 55 38 38
0218_0026_0042_0045_0045.jpg 1 26 42 45 45
0219_0045_0052_0033_0033.jpg 1 45 52 33 33
0220_0048_0007_0036_0036.jpg 1 48 7 36 36
0221_0012_0005_0063_0063.jpg 1 12 5 63 63
0222_0013_0049_0032_0032.jpg 1 13 49 32 32
0223_0012_0034_0042_0042.jpg 1 12 34 42 42
0224_0033_0052_0039_0039.jpg 1 33 52 39 39
0225_0053_0016_0032_0032.jpg 1 53 16 32 32
0226_0026_0026_0036_0036.jpg 1 26 26 36 36
0227_0022_0038_0050_0050.jpg 1 22 38 50 50
0228_0040_0011_0024_0024.jpg 1 40 11 24 24
0229_0022_0004_0064_0064.jpg 1 22 4 64 64
0230_0016_0046_0037_0037.jpg 1 16 46 37 37
0231_0009_0010_0051_0051.jpg 1 9 10 51 51
0232_0034_0023_0029_0029.jpg 1 34 23 29 29
0233_0013_0010_0036_0036.jpg 1 13 10 36 36
0234_0019_0006_0040_0040.jpg 1 19 6 40 40
0235_0063_0067_0024_0024.jpg 1 63 67 24 24
0236_0031_0012_0053_0053.jpg 1 31 12 53 53
0237_0022_0025_0041_0041.jpg 1 22 25 41 41
0238_0028_0033_0054_0054.jpg 1 28 33 54 54
0239_0045_0042_0034_0034.jpg 1 45 42 34 34
0240_0024_0015_0069_0069.jpg 1 24 15 69 69
0241_0035_0011_0032_0032.jpg 1 35 11 32 32
0242_0022_0020_0058_0058.jpg 1 22 20 58 58
0243_0029_0003_0061_0061.jpg 1 29 3 61 61
0244_0027_0008_0069_0069.jpg 1 27 8 69 69
0245_0051_0019_0032_0032.jpg 1 51 19 32 32
0246_0004_0019_0066_0066.jpg 1 4 19 66 66
0247_0039_0038_0028_0028.jpg 1 39 38 28 28
0248_0044_0047_0043_0043.jpg 1 44 47 43 43
0249_0020_0020_0050_0050.jpg 1 20 20 50 50
0250_0049_0041_0026_0026.jpg 1 49 41 26 26
0251_0013_0050_0037_0037.jpg 1 13 50 37 37
0252_0011_0006_0063_0063.jpg 1 11 6 63 63
0253_0051_0027_0031_0031.jpg 1 51 27 31 31
0254_0008_0006_0053_0053.jpg 1 8 6 53 53
0255_0015_0032_0051_0051.jpg 1 15 32 51 51
0256_0020_0030_0049_0049.jpg 1 20 30 49 49
0257_0056_0059_0034_0034.jpg 1 56 59 34 34
0258_0024_0026_0048_0048.jpg 1 24 26 48 48
0259_0031_0012_0042_0042.jpg 1 31 12 42 42
0260_0022_0049_0041_0041.jpg 1 22 49 41 41
0261_0007_0006_0068_0068.jpg 1 7 6 68 68
0262_0049_0065_0025_0025.jpg 1 49 65 25 25
0263_0031_0015_0030_0030.jpg 1 31 15 30 30
0264_0047_0054_0034_0034.jpg 1 47 54 34 34
0265_0032_0017_0047_0047.jpg 1 32 17 47 47
0266_0019_0024_0029_0029.jpg 1 19 24 29 29
0267_0020_0028_0062_0062.jpg 1 20 28 62 62
0268_0024_0011_0054_0054.jpg 1 24 11 54 54
0269_0018_0009_0068_0068.jpg 1 18 9 68 68
0270_0024_0003_0067_0067.jpg 1 24 3 67 67
0271_0033_0025_0058_0058.jpg 1 33 25 58 58
0272_0008_0015_0053_0053.jpg 1 8 15 53 53
0273_0029_0041_0036_0036.jpg 1 29 41 36 36
0274_0033_0023_0042_0042.jpg 1 33 23 42 42
0275_0039_0040_0049_0049.jpg 1 39 40 49 49
0276_0020_0044_0027_0027.jpg 1 20 44 27 27
0277_0011_0029_0059_0059.jpg 1 11 29 59 59
0278_0010_0014_0052_0052.jpg 1 10 14 52 52
0279_0047_0056_0030_0030.jpg 1 47 56 30 30
0280_0022_0007_0046_0046.jpg 1 22 7 46 46
0281_0040_0034_0033_0033.jpg 1 40 34 33 33
0282_0032_0026_0038_0038.jpg 1 32 26 38 38
0283_0026_0041_0030_0030.jpg 1 26 41 30 30
0284_0032_0026_0046_0046.jpg 1 32 26 46 46
0285_0006_0017_0068_0068.jpg 1 6 17 68 68
0286_0053_0013_0036_0036.jpg 1 53 13 36 36
0287_0006_0009_0067_0067.jpg 1 6 9 67 67
0288_0040_0021_0043_0043.jpg 1 40 21 43 43
0289_0030_0038_0047_0047.jpg 1 30 38 47 47
0290_0019_0042_0053_0053.jpg 1 19 42 53 53
0291_0004_0031_0063_0063.jpg 1 4 31 63 63
0292_0040_0037_0030_0030.jpg 1 40 37 30 30
0293_0013_0014_0025_0025.jpg 1 13 14 25 25
0294_0010_0012_0034_0034.jpg 1 10 12 34 34
0295_0020_0007_0033_0033.jpg 1 20 7 33 33
0296_0014_0021_0052_0052.jpg 1 14 21 52 52
0297_0030_0042_0051_0051.jpg 1 30 42 51 51
0298_0009_0039_0040_0040.jpg 1 9 39 40 40
0299_0012_0051_0037_0037.jpg 1 12 51 37 37
0300_0013_0050_0042_0042.jpg 1 13 50 42 42
0301_0012_0025_0047_0047.jpg 1 12 25 47 47
0302_0007_0057_0034_0034.jpg 1 7 57 34 34
0303_0029_0042_0036_0036.jpg 1 29 42 36 36
0304_0016_0026_0032_0032.jpg 1 16 26 32 32
0305_0017_0039_0032_0032.jpg 1 17 39 32 32
0306_0027_0021_0029_0029.jpg 1 27 21 29 29
0307_0027_0029_0064_0064.jpg 1 27 29 64 64
0308_0047_0031_0043_0043.jpg 1 47 31 43 43
0309_0028_0028_0036_0036.jpg 1 28 28 36 36
0310_0027_0020_0063_0063.jpg 1 27 20 63 63
0311_0010_0011_0030_0030.jpg 1 10 11 30 30
0312_0038_0026_0034_0034.jpg 1 38 26 34 34
0313_0025_0063_0026_0026.jpg 1 25 63 26 26
0314_0019_0023_0054_0054.jpg 1 19 23 54 54
0315_0020_0016_0028_0028.jpg 1 20 16 28 28
0316_0027_0039_0029_0029.jpg 1 27 39 29 29
0317_0009_0037_0027_0027.jpg 1 9 37 27 27
0318_0054_0060_0032_0032.jpg 1 54 60 32 32
0319_0012_0011_0066_0066.jpg 1 12 11 66 66
0320_0047_0043_0026_0026.jpg 1 47 43 26 26
0321_0011_0034_0057_0057.jpg 1 11 34 57 57
0322_0020_0012_0061_0061.jpg 1 20 12 61 61
0323_0032_0063_0025_0025.jpg 1 32 63 25 25
0324_0015_0019_0065_0065.jpg 1 15 19 65 65
0325_0030_0005_0047_0047.jpg 1 30 5 47 47
0326_0023_0041_0047_0047.jpg 1 23 41 47 47
0327_0009_0016_0065_0065.jpg 1 9 16 65 65
0328_0040_0052_0027_0027.jpg 1 40 52 27 27
0329_0039_0052_0041_0041.jpg 1 39 52 41 41
0330_0005_0023_0065_0065.jpg 1 5 23 65 65
0331_0016_0016_0064_0064.jpg 1 16 16 64 64
0332_0010_0052_0024_0024.jpg 1 10 52 24 24
0333_0011_0013_0045_0045.jpg 1 11 13 45 45
0334_0029_0029_0061_0061.jpg 1 29 29 61 61
0335_0021_0028_0066_0066.jpg 1 21 28 66 66
0336_0012_0029_0055_0055.jpg 1 12 29 55 55
0337_0057_0041_0027_0027.jpg 1 57 41 27 27
0338_0015_0035_0051_0051.jpg 1 15 35 51 51
0339_0011_0033_0060_0060.jpg 1 11 33 60 60
0340_0026_0009_0069_0069.jpg 1 26 9 69 69
0341_0005_0004_0064_0064.jpg 1 5 4 64 64
0342_0004_0009_0053_0053.jpg 1 4 9 53 53
0343_0021_0042_0032_0032.jpg 1 21 42 32 32
0344_0029_0013_0048_0048.jpg 1 29 13 48 48
0345_0013_0006_0066_0066.jpg 1 13 6 66 66
0346_0043_0016_0048_0048.jpg 1 43 16 48 48
0347_0051_0034_0037_0037.jpg 1 51 34 37 37
0348_0047_0037_0042_0042.jpg 1 47 37 42 42
0349_0008_0023_0060_0060.jpg 1 8 23 60 60
0350_0038_0032_0035_0035.jpg 1 38 32 35 35
0351_0008_0009_0067_0067.jpg 1 8 9 67 67
0352_0057_0011_0031_0031.jpg 1 57 11 31 31
0353_0025_0039_0042_0042.jpg 1 25 39 42 42
0354_0027_0053_0033_0033.jpg 1 27 53 33 33
0355_0043_0045_0029_0029.jpg 1 43 45 29 29
0356_0050_0008_0042_0042.jpg 1 50 8 42 42
0357_0023_0009_0060_0060.jpg 1 23 9 60 60
0358_0028_0054_0036_0036.jpg 1 28 54 36 36
0359_0042_0040_0037_0037.jpg 1 42 40 37 37
0360_0029_0011_0064_0064.jpg 1 29 11 64 64
0361_0009_0030_0055_0055.jpg 1 9 30 55 55
0362_0012_0006_0046_0046.jpg 1 12 6 46 46
0363_0034_0014_0030_0030.jpg 1 34 14 30 30
0364_0028_0004_0067_0067.jpg 1 28 4 67 67
0365_0010_0048_0024_0024.jpg 1 10 48 24 24
0366_0026_0012_0056_0056.jpg 1 26 12 56 56
0367_0014_0026_0029_0029.jpg 1 14 26 29 29
0368_0027_0019_0034_0034.jpg 1 27 19 34 34
0369_0012_0026_0065_0065.jpg 1 12 26 65 65
0370_0022_0029_0027_0027.jpg 1 22 29 27 27
0371_0017_0014_0053_0053.jpg 1 17 14 53 53
0372_0029_0024_0028_0028.jpg 1 29 24 28 28
0373_0050_0022_0040_0040.jpg 1 50 22 40 40
0374_0048_0009_0027_0027.jpg 1 48 9 27 27
0375_0021_0022_0067_0067.jpg 1 21 22 67 67
0376_0010_0048_0033_0033.jpg 1 10 48 33 33
0377_0012_0046_0025_0025.jpg 1 12 46 25 25
0378_0020_0015_0028_0028.jpg 1 20 15 28 28
0379_0014_0056_0031_0031.jpg 1 14 56 31 31
0380_0035_0020_0039_0039.jpg 1 35 20 39 39
0381_0046_0014_0045_0045.jpg 1 46 14 45 45
0382_0004_0025_0064_0064.jpg 1 4 25 64 64
0383_0034_0031_0052_0052.jpg 1 34 31 52 52
0384_0044_0022_0034_0034.jpg 1 44 22 34 34
0385_0018_0005_0047_0047.jpg 1 18 5 47 47
0386_0004_0024_0069_0069.jpg 1 4 24 69 69
0387_0016_0045_0044_0044.jpg 1 16 45 44 44
0388_0009_0009_0062_0062.jpg 1 9 9 62 62
0389_0026_0026_0062_0062.jpg 1 26 26 62 62
0390_0011_0009_0058_0058.jpg 1 11 9 58 58
0391_0026_0009_0034_0034.jpg 1 26 9 34 34
0392_0008_0026_0065_0065.jpg 1 8 26 65 65
0393_0008_0022_0060_0060.jpg 1 8 22 60 60
0394_0029_0039_0028_0028.jpg 1 29 39 28 28
0395_0024_0020_0041_0041.jpg 1 24 20 41 41
0396_0034_0035_0058_0058.jpg 1 34 35 58 58
0397_0025_0020_0048_0048.jpg 1 25 20 48 48
0398_0059_0016_0031_0031.jpg 1 59 16 31 31
0399_0032_0060_0025_0025.jpg 1 32 60 25 25
0400_0007_0030_0031_0031.jpg 1 7 30 31 31
0401_0052_0016_0038_0038.jpg 1 52 16 38 38
0402_0016_0012_0066_0066.jpg 1 16 12 66 66
0403_0030_0063_0027_0027.jpg 1 30 63 27 27
0404_0032_0052_0033_0033.jpg 1 32 52 33 33
0405_0011_0046_0037_0037.jpg 1 11 46 37 37
0406_0035_0009_0026_0026.jpg 1 35 9 26 26
0407_0048_0048_0041_0041.jpg 1 48 48 41 41
0408_0012_0023_0059_0059.jpg 1 12 23 59 59
0409_0025_0014_0059_0059.jpg 1 25 14 59 59
0410_0007_0021_0043_0043.jpg 1 7 21 43 43
0411_0015_0050_0037_0037.jpg 1 15 50 37 37
0412_0057_0054_0026_0026.jpg 1 57 54 26 26
0413_0004_0008_0052_0052.jpg 1 4 8 52 52
0414_0021_0013_0033_0033.jpg 1 21 13 33 33
0415_0024_0028_0052_0052.jpg 1 24 28 52 52
0416_0039_0049_0040_0040.jpg 1 39 49 40 40
0417_0045_0037_0037_0037.jpg 1 45 37 37 37
0418_0011_0015_0036_0036.jpg 1 11 15 36 36
0419_0022_0006_0047_0047.jpg 1 22 6 47 47
0420_0036_0008_0055_0055.jpg 1 36 8 55 55
0421_0005_0023_0055_0055.jpg 1 5 23 55 55
0422_0047_0041_0042_0042.jpg 1 47 41 42 42
0423_0017_0042_0034_0034.jpg 1 17 42 34 34
0424_0026_0034_0028_0028.jpg 1 26 34 28 28
0425_0021_0005_0065_0065.jpg 1 21 5 65 65
0426_0006_0025_0060_0060.jpg 1 6 25 60 60
0427_0006_0035_0053_0053.jpg 1 6 35 53 53
0428_0026_0013_0036_0036.jpg 1 26 13 36 36
0429_0042_0023_0035_0035.jpg 1 42 23 35 35
0430_0008_0009_0064_0064.jpg 1 8 9 64 64
0431_0010_0042_0032_0032.jpg 1 10 42 32 32
0432_0010_0053_0034_0034.jpg 1 10 53 34 34
0433_0035_0026_0054_0054.jpg 1 35 26 54 54
0434_0024_0031_0026_0026.jpg 1 24 31 26 26
0435_0025_0008_0057_0057.jpg 1 25 8 57 57
0436_0058_0033_0031_0031.jpg 1 58 33 31 31
0437_0016_0020_0043_0043.jpg 1 16 20 43 43
0438_0030_0033_0027_0027.jpg 1 30 33 27 27
0439_0019_0021_0057_0057.jpg 1 19 21 57 57
0440_0018_0023_0039_0039.jpg 1 18 23 39 39
0441_0030_0008_0048_0048.jpg 1 30 8 48 48
0442_0033_0028_0053_0053.jpg 1 33 28 53 53
0443_0005_0024_0049_0049.jpg 1 5 24 49 49
0444_0024_0051_0032_0032.jpg 1 24 51 32 32
0445_0030_0023_0053_0053.jpg 1 30 23 53 53
0446_0050_0038_0033_0033.jpg 1 50 38 33 33
0447_0026_0025_0027_0027.jpg 1 26 25 27 27
0448_0023_0031_0047_0047.jpg 1 23 31 47 47
0449_0007_0023_0027_0027.jpg 1 7 23 27 27
0450_0008_0008_0052_0052.jpg 1 8 8 52 52
0451_0004_0031_0061_0061.jpg 1 4 31 61 61
0452_0010_0043_0049_0049.jpg 1 10 43 49 49
0453_0025_0041_0052_0052.jpg 1 25 41 52 52
0454_0003_0021_0065_0065.jpg 1 3 21 65 65
0455_0026_0027_0069_0069.jpg 1 26 27 69 69
0456_0042_0054_0037_0037.jpg 1 42 54 37 37
0457_0033_0021_0037_0037.jpg 1 33 21 37 37
0458_0017_0035_0051_0051.jpg 1 17 35 51 51
0459_0026_0031_0057_0057.jpg 1 26 31 57 57
